::1 - - [03/May/2018:05:05:02 +0000] "GET /get-categories HTTP/1.1" 200 797 "-" "Mozilla/5.0 (X11; Linux x86_64) AppleWebKit/537.36 (KHTML, like Gecko) Ubuntu Chromium/62.0.3202.94 Chrome/62.0.3202.94 Safari/537.36"
::1 - - [03/May/2018:05:05:50 +0000] "GET /all-products HTTP/1.1" 200 1445 "-" "Mozilla/5.0 (X11; Linux x86_64) AppleWebKit/537.36 (KHTML, like Gecko) Ubuntu Chromium/62.0.3202.94 Chrome/62.0.3202.94 Safari/537.36"
::1 - - [03/May/2018:05:09:36 +0000] "POST /signup HTTP/1.1" 200 106 "-" "Mozilla/5.0 (X11; Linux x86_64) AppleWebKit/537.36 (KHTML, like Gecko) Ubuntu Chromium/62.0.3202.94 Chrome/62.0.3202.94 Safari/537.36"
::1 - - [03/May/2018:05:19:40 +0000] "POST /login HTTP/1.1" 302 43 "-" "Mozilla/5.0 (X11; Linux x86_64) AppleWebKit/537.36 (KHTML, like Gecko) Ubuntu Chromium/62.0.3202.94 Chrome/62.0.3202.94 Safari/537.36"
::1 - - [03/May/2018:05:19:40 +0000] "GET /salmaanahmed/profile HTTP/1.1" 200 139 "-" "Mozilla/5.0 (X11; Linux x86_64) AppleWebKit/537.36 (KHTML, like Gecko) Ubuntu Chromium/62.0.3202.94 Chrome/62.0.3202.94 Safari/537.36"
::1 - - [03/May/2018:05:21:46 +0000] "POST /login HTTP/1.1" 302 43 "-" "Mozilla/5.0 (X11; Linux x86_64) AppleWebKit/537.36 (KHTML, like Gecko) Ubuntu Chromium/62.0.3202.94 Chrome/62.0.3202.94 Safari/537.36"
::1 - - [03/May/2018:05:21:46 +0000] "GET /salmaanahmed/profile HTTP/1.1" 200 139 "-" "Mozilla/5.0 (X11; Linux x86_64) AppleWebKit/537.36 (KHTML, like Gecko) Ubuntu Chromium/62.0.3202.94 Chrome/62.0.3202.94 Safari/537.36"
::1 - - [03/May/2018:05:21:55 +0000] "GET /all-products HTTP/1.1" 200 1445 "-" "Mozilla/5.0 (X11; Linux x86_64) AppleWebKit/537.36 (KHTML, like Gecko) Ubuntu Chromium/62.0.3202.94 Chrome/62.0.3202.94 Safari/537.36"
::1 - - [03/May/2018:05:25:36 +0000] "POST /login HTTP/1.1" 200 87 "-" "Mozilla/5.0 (X11; Linux x86_64) AppleWebKit/537.36 (KHTML, like Gecko) Ubuntu Chromium/62.0.3202.94 Chrome/62.0.3202.94 Safari/537.36"
::1 - - [03/May/2018:05:27:44 +0000] "POST /login HTTP/1.1" 302 43 "-" "Mozilla/5.0 (X11; Linux x86_64) AppleWebKit/537.36 (KHTML, like Gecko) Ubuntu Chromium/62.0.3202.94 Chrome/62.0.3202.94 Safari/537.36"
::1 - - [03/May/2018:05:27:44 +0000] "GET /salmaanahmed/profile HTTP/1.1" 200 139 "-" "Mozilla/5.0 (X11; Linux x86_64) AppleWebKit/537.36 (KHTML, like Gecko) Ubuntu Chromium/62.0.3202.94 Chrome/62.0.3202.94 Safari/537.36"
::1 - - [03/May/2018:05:28:57 +0000] "POST /logout HTTP/1.1" 200 88 "-" "Mozilla/5.0 (X11; Linux x86_64) AppleWebKit/537.36 (KHTML, like Gecko) Ubuntu Chromium/62.0.3202.94 Chrome/62.0.3202.94 Safari/537.36"
::1 - - [03/May/2018:05:30:03 +0000] "POST /login HTTP/1.1" 302 43 "-" "Mozilla/5.0 (X11; Linux x86_64) AppleWebKit/537.36 (KHTML, like Gecko) Ubuntu Chromium/62.0.3202.94 Chrome/62.0.3202.94 Safari/537.36"
::1 - - [03/May/2018:05:30:03 +0000] "GET /salmaanahmed/profile HTTP/1.1" 200 139 "-" "Mozilla/5.0 (X11; Linux x86_64) AppleWebKit/537.36 (KHTML, like Gecko) Ubuntu Chromium/62.0.3202.94 Chrome/62.0.3202.94 Safari/537.36"
::1 - - [03/May/2018:05:31:01 +0000] "POST /login HTTP/1.1" 302 43 "-" "Mozilla/5.0 (X11; Linux x86_64) AppleWebKit/537.36 (KHTML, like Gecko) Ubuntu Chromium/62.0.3202.94 Chrome/62.0.3202.94 Safari/537.36"
::1 - - [03/May/2018:05:31:01 +0000] "GET /salmaanahmed/profile HTTP/1.1" 200 139 "-" "Mozilla/5.0 (X11; Linux x86_64) AppleWebKit/537.36 (KHTML, like Gecko) Ubuntu Chromium/62.0.3202.94 Chrome/62.0.3202.94 Safari/537.36"
::1 - - [03/May/2018:05:31:04 +0000] "POST /login HTTP/1.1" 302 43 "-" "Mozilla/5.0 (X11; Linux x86_64) AppleWebKit/537.36 (KHTML, like Gecko) Ubuntu Chromium/62.0.3202.94 Chrome/62.0.3202.94 Safari/537.36"
::1 - - [03/May/2018:05:31:04 +0000] "GET /salmaanahmed/profile HTTP/1.1" 200 139 "-" "Mozilla/5.0 (X11; Linux x86_64) AppleWebKit/537.36 (KHTML, like Gecko) Ubuntu Chromium/62.0.3202.94 Chrome/62.0.3202.94 Safari/537.36"
::1 - - [03/May/2018:05:31:40 +0000] "POST /login HTTP/1.1" 302 43 "-" "Mozilla/5.0 (X11; Linux x86_64) AppleWebKit/537.36 (KHTML, like Gecko) Ubuntu Chromium/62.0.3202.94 Chrome/62.0.3202.94 Safari/537.36"
::1 - - [03/May/2018:05:31:40 +0000] "GET /salmaanahmed/profile HTTP/1.1" 200 146 "-" "Mozilla/5.0 (X11; Linux x86_64) AppleWebKit/537.36 (KHTML, like Gecko) Ubuntu Chromium/62.0.3202.94 Chrome/62.0.3202.94 Safari/537.36"
::1 - - [03/May/2018:05:32:44 +0000] "POST /login HTTP/1.1" 302 43 "-" "Mozilla/5.0 (X11; Linux x86_64) AppleWebKit/537.36 (KHTML, like Gecko) Ubuntu Chromium/62.0.3202.94 Chrome/62.0.3202.94 Safari/537.36"
::1 - - [03/May/2018:05:32:44 +0000] "GET /salmaanahmed/profile HTTP/1.1" 200 146 "-" "Mozilla/5.0 (X11; Linux x86_64) AppleWebKit/537.36 (KHTML, like Gecko) Ubuntu Chromium/62.0.3202.94 Chrome/62.0.3202.94 Safari/537.36"
::1 - - [03/May/2018:05:36:42 +0000] "POST /login HTTP/1.1" 302 43 "-" "Mozilla/5.0 (X11; Linux x86_64) AppleWebKit/537.36 (KHTML, like Gecko) Ubuntu Chromium/62.0.3202.94 Chrome/62.0.3202.94 Safari/537.36"
::1 - - [03/May/2018:05:36:42 +0000] "GET /salmaanahmed/profile HTTP/1.1" 200 146 "-" "Mozilla/5.0 (X11; Linux x86_64) AppleWebKit/537.36 (KHTML, like Gecko) Ubuntu Chromium/62.0.3202.94 Chrome/62.0.3202.94 Safari/537.36"
::1 - - [03/May/2018:05:36:50 +0000] "POST /login HTTP/1.1" 302 43 "-" "Mozilla/5.0 (X11; Linux x86_64) AppleWebKit/537.36 (KHTML, like Gecko) Ubuntu Chromium/62.0.3202.94 Chrome/62.0.3202.94 Safari/537.36"
::1 - - [03/May/2018:05:36:50 +0000] "GET /salmaanahmed/profile HTTP/1.1" 200 146 "-" "Mozilla/5.0 (X11; Linux x86_64) AppleWebKit/537.36 (KHTML, like Gecko) Ubuntu Chromium/62.0.3202.94 Chrome/62.0.3202.94 Safari/537.36"
::1 - - [03/May/2018:05:37:00 +0000] "POST /login HTTP/1.1" 302 43 "-" "Mozilla/5.0 (X11; Linux x86_64) AppleWebKit/537.36 (KHTML, like Gecko) Ubuntu Chromium/62.0.3202.94 Chrome/62.0.3202.94 Safari/537.36"
::1 - - [03/May/2018:05:37:00 +0000] "GET /salmaanahmed/profile HTTP/1.1" 200 139 "-" "Mozilla/5.0 (X11; Linux x86_64) AppleWebKit/537.36 (KHTML, like Gecko) Ubuntu Chromium/62.0.3202.94 Chrome/62.0.3202.94 Safari/537.36"
::1 - - [03/May/2018:05:40:16 +0000] "POST /admin/login HTTP/1.1" 302 38 "-" "Mozilla/5.0 (X11; Linux x86_64) AppleWebKit/537.36 (KHTML, like Gecko) Ubuntu Chromium/62.0.3202.94 Chrome/62.0.3202.94 Safari/537.36"
::1 - - [03/May/2018:05:40:16 +0000] "GET /admin/dashboard HTTP/1.1" 200 15 "-" "Mozilla/5.0 (X11; Linux x86_64) AppleWebKit/537.36 (KHTML, like Gecko) Ubuntu Chromium/62.0.3202.94 Chrome/62.0.3202.94 Safari/537.36"
::1 - - [03/May/2018:05:41:50 +0000] "POST /admin/logout HTTP/1.1" 200 94 "-" "Mozilla/5.0 (X11; Linux x86_64) AppleWebKit/537.36 (KHTML, like Gecko) Ubuntu Chromium/62.0.3202.94 Chrome/62.0.3202.94 Safari/537.36"
::1 - - [03/May/2018:05:47:21 +0000] "POST /login HTTP/1.1" 302 43 "-" "Mozilla/5.0 (X11; Linux x86_64) AppleWebKit/537.36 (KHTML, like Gecko) Ubuntu Chromium/62.0.3202.94 Chrome/62.0.3202.94 Safari/537.36"
::1 - - [03/May/2018:05:47:21 +0000] "GET /salmaanahmed/profile HTTP/1.1" 200 139 "-" "Mozilla/5.0 (X11; Linux x86_64) AppleWebKit/537.36 (KHTML, like Gecko) Ubuntu Chromium/62.0.3202.94 Chrome/62.0.3202.94 Safari/537.36"
::1 - - [03/May/2018:05:47:33 +0000] "POST /admin/login HTTP/1.1" 302 38 "-" "Mozilla/5.0 (X11; Linux x86_64) AppleWebKit/537.36 (KHTML, like Gecko) Ubuntu Chromium/62.0.3202.94 Chrome/62.0.3202.94 Safari/537.36"
::1 - - [03/May/2018:05:47:33 +0000] "GET /admin/dashboard HTTP/1.1" 200 15 "-" "Mozilla/5.0 (X11; Linux x86_64) AppleWebKit/537.36 (KHTML, like Gecko) Ubuntu Chromium/62.0.3202.94 Chrome/62.0.3202.94 Safari/537.36"
::1 - - [03/May/2018:05:47:38 +0000] "POST /admin/add-product?cat=electronics&subcat=mobiles HTTP/1.1" 200 94 "-" "Mozilla/5.0 (X11; Linux x86_64) AppleWebKit/537.36 (KHTML, like Gecko) Ubuntu Chromium/62.0.3202.94 Chrome/62.0.3202.94 Safari/537.36"
::1 - - [03/May/2018:05:52:12 +0000] "GET /all-products HTTP/1.1" 200 1621 "-" "Mozilla/5.0 (X11; Linux x86_64) AppleWebKit/537.36 (KHTML, like Gecko) Ubuntu Chromium/62.0.3202.94 Chrome/62.0.3202.94 Safari/537.36"
::1 - - [03/May/2018:05:52:41 +0000] "POST /admin/edit-product?id=5ae7144bd76236488539187a&cat=electronics&subcat=mobiles HTTP/1.1" 200 92 "-" "Mozilla/5.0 (X11; Linux x86_64) AppleWebKit/537.36 (KHTML, like Gecko) Ubuntu Chromium/62.0.3202.94 Chrome/62.0.3202.94 Safari/537.36"
::1 - - [03/May/2018:05:52:45 +0000] "GET /all-products HTTP/1.1" 200 1624 "-" "Mozilla/5.0 (X11; Linux x86_64) AppleWebKit/537.36 (KHTML, like Gecko) Ubuntu Chromium/62.0.3202.94 Chrome/62.0.3202.94 Safari/537.36"
::1 - - [03/May/2018:05:53:11 +0000] "POST /admin/edit-product?id=5ae6e8ce5f824931a0c280e3&cat=electronics&subcat=mobiles HTTP/1.1" - - "-" "Mozilla/5.0 (X11; Linux x86_64) AppleWebKit/537.36 (KHTML, like Gecko) Ubuntu Chromium/62.0.3202.94 Chrome/62.0.3202.94 Safari/537.36"
::1 - - [03/May/2018:05:56:16 +0000] "POST /admin/delete-product?id=5ae7144bd76236488539187a&cat=electronics&subcat=mobiles HTTP/1.1" 200 93 "-" "Mozilla/5.0 (X11; Linux x86_64) AppleWebKit/537.36 (KHTML, like Gecko) Ubuntu Chromium/62.0.3202.94 Chrome/62.0.3202.94 Safari/537.36"
::1 - - [03/May/2018:05:56:20 +0000] "GET /all-products HTTP/1.1" 200 1445 "-" "Mozilla/5.0 (X11; Linux x86_64) AppleWebKit/537.36 (KHTML, like Gecko) Ubuntu Chromium/62.0.3202.94 Chrome/62.0.3202.94 Safari/537.36"
::1 - - [03/May/2018:06:08:54 +0000] "GET /all-products HTTP/1.1" 200 1445 "-" "Mozilla/5.0 (X11; Linux x86_64) AppleWebKit/537.36 (KHTML, like Gecko) Ubuntu Chromium/62.0.3202.94 Chrome/62.0.3202.94 Safari/537.36"
::1 - - [03/May/2018:06:09:00 +0000] "GET /admin/all-products HTTP/1.1" 200 1445 "-" "Mozilla/5.0 (X11; Linux x86_64) AppleWebKit/537.36 (KHTML, like Gecko) Ubuntu Chromium/62.0.3202.94 Chrome/62.0.3202.94 Safari/537.36"
::1 - - [03/May/2018:06:09:13 +0000] "GET /all-products HTTP/1.1" 200 1445 "-" "Mozilla/5.0 (X11; Linux x86_64) AppleWebKit/537.36 (KHTML, like Gecko) Ubuntu Chromium/62.0.3202.94 Chrome/62.0.3202.94 Safari/537.36"
::1 - - [03/May/2018:06:12:58 +0000] "GET /admin/product-by-category?cat=electronics HTTP/1.1" 200 441 "-" "Mozilla/5.0 (X11; Linux x86_64) AppleWebKit/537.36 (KHTML, like Gecko) Ubuntu Chromium/62.0.3202.94 Chrome/62.0.3202.94 Safari/537.36"
::1 - - [03/May/2018:06:13:15 +0000] "GET /admin/product-by-category?cat=home_furniture HTTP/1.1" 200 231 "-" "Mozilla/5.0 (X11; Linux x86_64) AppleWebKit/537.36 (KHTML, like Gecko) Ubuntu Chromium/62.0.3202.94 Chrome/62.0.3202.94 Safari/537.36"
::1 - - [03/May/2018:06:13:23 +0000] "GET /admin/product-by-category?cat=electronics HTTP/1.1" 200 441 "-" "Mozilla/5.0 (X11; Linux x86_64) AppleWebKit/537.36 (KHTML, like Gecko) Ubuntu Chromium/62.0.3202.94 Chrome/62.0.3202.94 Safari/537.36"
::1 - - [03/May/2018:06:13:38 +0000] "GET /product-by-category?cat=electronics HTTP/1.1" 200 441 "-" "Mozilla/5.0 (X11; Linux x86_64) AppleWebKit/537.36 (KHTML, like Gecko) Ubuntu Chromium/62.0.3202.94 Chrome/62.0.3202.94 Safari/537.36"
::1 - - [03/May/2018:06:16:01 +0000] "GET /get-categories HTTP/1.1" 200 797 "-" "Mozilla/5.0 (X11; Linux x86_64) AppleWebKit/537.36 (KHTML, like Gecko) Ubuntu Chromium/62.0.3202.94 Chrome/62.0.3202.94 Safari/537.36"
::1 - - [03/May/2018:06:16:16 +0000] "GET /admin/get-categories HTTP/1.1" 200 797 "-" "Mozilla/5.0 (X11; Linux x86_64) AppleWebKit/537.36 (KHTML, like Gecko) Ubuntu Chromium/62.0.3202.94 Chrome/62.0.3202.94 Safari/537.36"
::1 - - [03/May/2018:06:16:17 +0000] "GET /admin/get-categories HTTP/1.1" 200 797 "-" "Mozilla/5.0 (X11; Linux x86_64) AppleWebKit/537.36 (KHTML, like Gecko) Ubuntu Chromium/62.0.3202.94 Chrome/62.0.3202.94 Safari/537.36"
::1 - - [03/May/2018:06:16:23 +0000] "GET /get-categories HTTP/1.1" 200 797 "-" "Mozilla/5.0 (X11; Linux x86_64) AppleWebKit/537.36 (KHTML, like Gecko) Ubuntu Chromium/62.0.3202.94 Chrome/62.0.3202.94 Safari/537.36"
::1 - - [03/May/2018:06:25:24 +0000] "GET /all-products HTTP/1.1" 200 1445 "-" "Mozilla/5.0 (X11; Linux x86_64) AppleWebKit/537.36 (KHTML, like Gecko) Ubuntu Chromium/62.0.3202.94 Chrome/62.0.3202.94 Safari/537.36"
::1 - - [03/May/2018:06:25:42 +0000] "POST /add-to-cart?id=5aeaa27a3fcaac14535acc6d&cat=electronics&subcat=mobiles HTTP/1.1" 200 86 "-" "Mozilla/5.0 (X11; Linux x86_64) AppleWebKit/537.36 (KHTML, like Gecko) Ubuntu Chromium/62.0.3202.94 Chrome/62.0.3202.94 Safari/537.36"
::1 - - [03/May/2018:06:25:58 +0000] "GET /get-cart HTTP/1.1" 200 402 "-" "Mozilla/5.0 (X11; Linux x86_64) AppleWebKit/537.36 (KHTML, like Gecko) Ubuntu Chromium/62.0.3202.94 Chrome/62.0.3202.94 Safari/537.36"
::1 - - [03/May/2018:06:27:22 +0000] "POST /clear-cart HTTP/1.1" 200 153 "-" "Mozilla/5.0 (X11; Linux x86_64) AppleWebKit/537.36 (KHTML, like Gecko) Ubuntu Chromium/62.0.3202.94 Chrome/62.0.3202.94 Safari/537.36"
::1 - - [03/May/2018:06:27:29 +0000] "GET /get-cart HTTP/1.1" 200 154 "-" "Mozilla/5.0 (X11; Linux x86_64) AppleWebKit/537.36 (KHTML, like Gecko) Ubuntu Chromium/62.0.3202.94 Chrome/62.0.3202.94 Safari/537.36"
::1 - - [03/May/2018:06:28:58 +0000] "POST /add-to-cart?id=5aeaa27a3fcaac14535acc6d&cat=electronics&subcat=mobiles HTTP/1.1" 200 86 "-" "Mozilla/5.0 (X11; Linux x86_64) AppleWebKit/537.36 (KHTML, like Gecko) Ubuntu Chromium/62.0.3202.94 Chrome/62.0.3202.94 Safari/537.36"
::1 - - [03/May/2018:06:29:05 +0000] "GET /get-cart HTTP/1.1" 200 402 "-" "Mozilla/5.0 (X11; Linux x86_64) AppleWebKit/537.36 (KHTML, like Gecko) Ubuntu Chromium/62.0.3202.94 Chrome/62.0.3202.94 Safari/537.36"
::1 - - [03/May/2018:06:29:34 +0000] "POST /order-from-cart?id=5aeaac2aa309681a5474b61a HTTP/1.1" 200 430 "-" "Mozilla/5.0 (X11; Linux x86_64) AppleWebKit/537.36 (KHTML, like Gecko) Ubuntu Chromium/62.0.3202.94 Chrome/62.0.3202.94 Safari/537.36"
::1 - - [03/May/2018:06:38:46 +0000] "POST /password-recovery HTTP/1.1" 200 17 "-" "Mozilla/5.0 (X11; Linux x86_64) AppleWebKit/537.36 (KHTML, like Gecko) Ubuntu Chromium/62.0.3202.94 Chrome/62.0.3202.94 Safari/537.36"
::1 - - [03/May/2018:06:39:03 +0000] "POST /logout HTTP/1.1" 200 88 "-" "Mozilla/5.0 (X11; Linux x86_64) AppleWebKit/537.36 (KHTML, like Gecko) Ubuntu Chromium/62.0.3202.94 Chrome/62.0.3202.94 Safari/537.36"
::1 - - [03/May/2018:06:44:33 +0000] "POST /password-recovery HTTP/1.1" 200 112 "-" "Mozilla/5.0 (X11; Linux x86_64) AppleWebKit/537.36 (KHTML, like Gecko) Ubuntu Chromium/62.0.3202.94 Chrome/62.0.3202.94 Safari/537.36"
::1 - - [03/May/2018:06:52:48 +0000] "POST /verify-otp HTTP/1.1" 200 151 "-" "Mozilla/5.0 (X11; Linux x86_64) AppleWebKit/537.36 (KHTML, like Gecko) Ubuntu Chromium/62.0.3202.94 Chrome/62.0.3202.94 Safari/537.36"
::1 - - [03/May/2018:06:55:01 +0000] "POST /reset-password HTTP/1.1" 200 94 "-" "Mozilla/5.0 (X11; Linux x86_64) AppleWebKit/537.36 (KHTML, like Gecko) Ubuntu Chromium/62.0.3202.94 Chrome/62.0.3202.94 Safari/537.36"
